Unity Editor version:    2021.3.16f1 (4016570cf34f)
Branch:                  2021.3/staging
Build type:              Release
Batch mode:              YES
macOS version:           Version 13.0 (Build 22A380)
Darwin version:          22.1.0
Architecture:            arm64
Running under Rosetta:   NO
Available memory:        16384 MB
Using pre-set license
Pro License: YES

COMMAND LINE ARGUMENTS:
/Applications/Unity/Hub/Editor/2021.3.16f1/Unity.app/Contents/MacOS/Unity
-adb2
-batchMode
-noUpm
-name
AssetImportWorker0
-projectPath
/Users/radz/Desktop/LabSave/Temp
-logFile
Logs/AssetImportWorker0.log
-srvPort
50805
Successfully changed project path to: /Users/radz/Desktop/LabSave/Temp
/Users/radz/Desktop/LabSave/Temp
[UnityMemory] Configuration Parameters - Can be set up in boot.config
    "memorysetup-bucket-allocator-granularity=16"
    "memorysetup-bucket-allocator-bucket-count=8"
    "memorysetup-bucket-allocator-block-size=33554432"
    "memorysetup-bucket-allocator-block-count=8"
    "memorysetup-main-allocator-block-size=16777216"
    "memorysetup-thread-allocator-block-size=16777216"
    "memorysetup-gfx-main-allocator-block-size=16777216"
    "memorysetup-gfx-thread-allocator-block-size=16777216"
    "memorysetup-cache-allocator-block-size=4194304"
    "memorysetup-typetree-allocator-block-size=2097152"
    "memorysetup-profiler-bucket-allocator-granularity=16"
    "memorysetup-profiler-bucket-allocator-bucket-count=8"
    "memorysetup-profiler-bucket-allocator-block-size=33554432"
    "memorysetup-profiler-bucket-allocator-block-count=8"
    "memorysetup-profiler-allocator-block-size=16777216"
    "memorysetup-profiler-editor-allocator-block-size=1048576"
    "memorysetup-temp-allocator-size-main=16777216"
    "memorysetup-job-temp-allocator-block-size=2097152"
    "memorysetup-job-temp-allocator-block-size-background=1048576"
    "memorysetup-job-temp-allocator-reduction-small-platforms=262144"
    "memorysetup-temp-allocator-size-background-worker=32768"
    "memorysetup-temp-allocator-size-job-worker=262144"
    "memorysetup-temp-allocator-size-preload-manager=33554432"
    "memorysetup-temp-allocator-size-nav-mesh-worker=65536"
    "memorysetup-temp-allocator-size-audio-worker=65536"
    "memorysetup-temp-allocator-size-cloud-worker=32768"
    "memorysetup-temp-allocator-size-gi-baking-worker=262144"
    "memorysetup-temp-allocator-size-gfx=262144"
Player connection [8330175744] Host "[IP] 138.38.150.44 [Port] 0 [Flags] 2 [Guid] 280526120 [EditorId] 280526120 [Version] 1048832 [Id] OSXEditor(0,138-38-150-44.eduroam.bath.ac.uk) [Debug] 1 [PackageName] OSXEditor [ProjectName] Editor" joined multi-casting on [225.0.0.222:54997]...

Player connection [8330175744] Host "[IP] 138.38.150.44 [Port] 0 [Flags] 2 [Guid] 280526120 [EditorId] 280526120 [Version] 1048832 [Id] OSXEditor(0,138-38-150-44.eduroam.bath.ac.uk) [Debug] 1 [PackageName] OSXEditor [ProjectName] Editor" joined alternative multi-casting on [225.0.0.222:34997]...

Refreshing native plugins compatible for Editor in 93.87 ms, found 3 plugins.
Preloading 1 native plugins for Editor in 4.19 ms.
Initialize engine version: 2021.3.16f1 (4016570cf34f)
[Subsystems] Discovering subsystems at path /Applications/Unity/Hub/Editor/2021.3.16f1/Unity.app/Contents/Resources/UnitySubsystems
[Subsystems] Discovering subsystems at path /Users/radz/Desktop/LabSave/Temp/Assets
GfxDevice: creating device client; threaded=0; jobified=0
 preferred device: Apple M1 Pro (high power)
Metal devices available: 1
0: Apple M1 Pro (high power)
Using device Apple M1 Pro (high power)
Initializing Metal device caps: Apple M1 Pro
Initialize mono
Mono path[0] = '/Applications/Unity/Hub/Editor/2021.3.16f1/Unity.app/Contents/Managed'
Mono path[1] = '/Applications/Unity/Hub/Editor/2021.3.16f1/Unity.app/Contents/MonoBleedingEdge/lib/mono/unityjit-macos'
Mono config path = '/Applications/Unity/Hub/Editor/2021.3.16f1/Unity.app/Contents/MonoBleedingEdge/etc'
Using monoOptions --debugger-agent=transport=dt_socket,embedding=1,server=y,suspend=n,address=127.0.0.1:56905
Begin MonoManager ReloadAssembly
Registering precompiled unity dll's ...
Register platform support module: /Applications/Unity/Hub/Editor/2021.3.16f1/PlaybackEngines/WebGLSupport/UnityEditor.WebGL.Extensions.dll
Register platform support module: /Applications/Unity/Hub/Editor/2021.3.16f1/Unity.app/Contents/PlaybackEngines/MacStandaloneSupport/UnityEditor.OSXStandalone.Extensions.dll
Registered in 0.002859 seconds.
Native extension for OSXStandalone target not found
Native extension for WebGL target not found
Refreshing native plugins compatible for Editor in 86.72 ms, found 3 plugins.
Preloading 1 native plugins for Editor in 0.23 ms.
Mono: successfully reloaded assembly
- Completed reload, in  0.414 seconds
Domain Reload Profiling:
	ReloadAssembly (414ms)
		BeginReloadAssembly (52ms)
			ExecutionOrderSort (0ms)
			DisableScriptedObjects (0ms)
			BackupInstance (0ms)
			ReleaseScriptingObjects (0ms)
			CreateAndSetChildDomain (0ms)
		EndReloadAssembly (294ms)
			LoadAssemblies (52ms)
			RebuildTransferFunctionScriptingTraits (0ms)
			SetupTypeCache (67ms)
			ReleaseScriptCaches (0ms)
			RebuildScriptCaches (17ms)
			SetupLoadedEditorAssemblies (183ms)
				LogAssemblyErrors (0ms)
				InitializePlatformSupportModulesInManaged (4ms)
				SetLoadedEditorAssemblies (0ms)
				RefreshPlugins (87ms)
				BeforeProcessingInitializeOnLoad (1ms)
				ProcessInitializeOnLoadAttributes (69ms)
				ProcessInitializeOnLoadMethodAttributes (22ms)
				AfterProcessingInitializeOnLoad (0ms)
				EditorAssembliesLoaded (0ms)
			ExecutionOrderSort2 (0ms)
			AwakeInstancesAfterBackupRestoration (0ms)
Platform modules already initialized, skipping
Registering precompiled user dll's ...
Registered in 0.003614 seconds.
Begin MonoManager ReloadAssembly
Symbol file LoadedFromMemory doesn't match image /Users/radz/Desktop/LabSave/Temp/Library/PackageCache/com.unity.visualscripting@1.7.8/Editor/VisualScripting.Core/Dependencies/DotNetZip/Unity.VisualScripting.IonicZip.dll
Symbol file LoadedFromMemory doesn't match image /Users/radz/Desktop/LabSave/Temp/Library/PackageCache/com.unity.visualscripting@1.7.8/Editor/VisualScripting.Core/Dependencies/YamlDotNet/Unity.VisualScripting.YamlDotNet.dll
Native extension for OSXStandalone target not found
Native extension for WebGL target not found
Refreshing native plugins compatible for Editor in 87.13 ms, found 3 plugins.
Preloading 1 native plugins for Editor in 0.23 ms.
Package Manager log level set to [2]
Mono: successfully reloaded assembly
- Completed reload, in  0.806 seconds
Domain Reload Profiling:
	ReloadAssembly (806ms)
		BeginReloadAssembly (50ms)
			ExecutionOrderSort (0ms)
			DisableScriptedObjects (3ms)
			BackupInstance (0ms)
			ReleaseScriptingObjects (0ms)
			CreateAndSetChildDomain (14ms)
		EndReloadAssembly (685ms)
			LoadAssemblies (58ms)
			RebuildTransferFunctionScriptingTraits (0ms)
			SetupTypeCache (200ms)
			ReleaseScriptCaches (1ms)
			RebuildScriptCaches (47ms)
			SetupLoadedEditorAssemblies (345ms)
				LogAssemblyErrors (0ms)
				InitializePlatformSupportModulesInManaged (2ms)
				SetLoadedEditorAssemblies (0ms)
				RefreshPlugins (87ms)
				BeforeProcessingInitializeOnLoad (69ms)
				ProcessInitializeOnLoadAttributes (170ms)
				ProcessInitializeOnLoadMethodAttributes (14ms)
				AfterProcessingInitializeOnLoad (2ms)
				EditorAssembliesLoaded (0ms)
			ExecutionOrderSort2 (0ms)
			AwakeInstancesAfterBackupRestoration (2ms)
Platform modules already initialized, skipping
========================================================================
Worker process is ready to serve import requests
Launching external process: /Applications/Unity/Hub/Editor/2021.3.16f1/Unity.app/Contents/Tools/UnityShaderCompiler
Launched and connected shader compiler UnityShaderCompiler after 0.05 seconds
Refreshing native plugins compatible for Editor in 0.73 ms, found 3 plugins.
Preloading 1 native plugins for Editor in 0.22 ms.
Unloading 4675 Unused Serialized files (Serialized files now loaded: 0)
Unloading 61 unused Assets / (464.8 KB). Loaded Objects now: 5115.
Memory consumption went from 161.0 MB to 160.6 MB.
Total: 2.853458 ms (FindLiveObjects: 0.144666 ms CreateObjectMapping: 0.068292 ms MarkObjects: 2.496750 ms  DeleteObjects: 0.143083 ms)

AssetImportParameters requested are different than current active one (requested -> active):
  custom:video-decoder-ogg-theora: a1e56fd34408186e4bbccfd4996cb3dc -> 
  custom:container-muxer-webm: aa71ff27fc2769a1b78a27578f13a17b -> 
  custom:container-demuxer-webm: 4f35f7cbe854078d1ac9338744f61a02 -> 
  custom:video-encoder-webm-vp8: eb34c28f22e8b96e1ab97ce403110664 -> 
  custom:framework-osx-AVFoundation: e770b220cccbd017edd2c1fefb359320 -> 
  custom:audio-encoder-webm-vorbis: bf7c407c2cedff20999df2af8eb42d56 -> 
  custom:container-demuxer-ogg: 62fdf1f143b41e24485cea50d1cbac27 -> 
  custom:video-decoder-webm-vp8: 9c59270c3fd7afecdb556c50c9e8de78 -> 
  custom:audio-decoder-ogg-vorbis: bf7c407c2cedff20999df2af8eb42d56 -> 
========================================================================
Received Import Request.
  Time since last request: 234774.092144 seconds.
  path: Assets/Audio/Plain.mp3
  artifactKey: Guid(3e3db6eb01d8b4a7187fab4c8f8858a9) Importer(815301076,1909f56bfc062723c751e8b465ee728b)
Start importing Assets/Audio/Plain.mp3 using Guid(3e3db6eb01d8b4a7187fab4c8f8858a9) Importer(815301076,1909f56bfc062723c751e8b465ee728b)  -> (artifact id: '905782336813706a535768a99586ac86') in 0.087919 seconds 
========================================================================
Received Import Request.
  Time since last request: 3.960822 seconds.
  path: Assets/Audio/Convo.mp3
  artifactKey: Guid(606b9335294144358bf23faecc38c7e8) Importer(815301076,1909f56bfc062723c751e8b465ee728b)
Start importing Assets/Audio/Convo.mp3 using Guid(606b9335294144358bf23faecc38c7e8) Importer(815301076,1909f56bfc062723c751e8b465ee728b)  -> (artifact id: 'c3f9173a378567c5d063ea48fdac7cef') in 0.006305 seconds 
========================================================================
Received Import Request.
  Time since last request: 4.508352 seconds.
  path: Assets/Audio/Cow (1).mp3
  artifactKey: Guid(4ee32e71626174324955763d73c8866d) Importer(815301076,1909f56bfc062723c751e8b465ee728b)
Start importing Assets/Audio/Cow (1).mp3 using Guid(4ee32e71626174324955763d73c8866d) Importer(815301076,1909f56bfc062723c751e8b465ee728b)  -> (artifact id: '8f2203778c808a3927ea54869e607ce8') in 0.004645 seconds 
========================================================================
Received Import Request.
  Time since last request: 15.058884 seconds.
  path: Assets/Scenes/Cow Sound T.unity
  artifactKey: Guid(8f5f6e5801f1140659e819ca91cdfbd9) Importer(815301076,1909f56bfc062723c751e8b465ee728b)
Start importing Assets/Scenes/Cow Sound T.unity using Guid(8f5f6e5801f1140659e819ca91cdfbd9) Importer(815301076,1909f56bfc062723c751e8b465ee728b)  -> (artifact id: '3af66243162f88841aaa0779ae625f6e') in 0.000570 seconds 
========================================================================
Received Import Request.
  Time since last request: 14.927934 seconds.
  path: Assets/Scenes/Convo Sound F.unity
  artifactKey: Guid(f1ac3c2f28fc04aa99ce081f3e33f86a) Importer(815301076,1909f56bfc062723c751e8b465ee728b)
Start importing Assets/Scenes/Convo Sound F.unity using Guid(f1ac3c2f28fc04aa99ce081f3e33f86a) Importer(815301076,1909f56bfc062723c751e8b465ee728b)  -> (artifact id: '1deada42f872a651b6e47ab5a2cfc72c') in 0.001683 seconds 
========================================================================
Received Import Request.
  Time since last request: 11.205934 seconds.
  path: Assets/Scenes/Convo Sound T.unity
  artifactKey: Guid(a362592d858d24034aa4620960e14aab) Importer(815301076,1909f56bfc062723c751e8b465ee728b)
Start importing Assets/Scenes/Convo Sound T.unity using Guid(a362592d858d24034aa4620960e14aab) Importer(815301076,1909f56bfc062723c751e8b465ee728b)  -> (artifact id: '4624f2e78aeaab88d9ec128696c0cbbc') in 0.000837 seconds 
========================================================================
Received Import Request.
  Time since last request: 18.590867 seconds.
  path: Assets/Scenes/Plane Sound F.unity
  artifactKey: Guid(4999b5407952a4af593f302d12610577) Importer(815301076,1909f56bfc062723c751e8b465ee728b)
Start importing Assets/Scenes/Plane Sound F.unity using Guid(4999b5407952a4af593f302d12610577) Importer(815301076,1909f56bfc062723c751e8b465ee728b)  -> (artifact id: 'c05a4830cc9e0b604fa6160848aba5c9') in 0.001784 seconds 
========================================================================
Received Import Request.
  Time since last request: 18.600639 seconds.
  path: Assets/Scenes/Plane Sound T.unity
  artifactKey: Guid(77b66ccfd41c44d7c828636df04fea98) Importer(815301076,1909f56bfc062723c751e8b465ee728b)
Start importing Assets/Scenes/Plane Sound T.unity using Guid(77b66ccfd41c44d7c828636df04fea98) Importer(815301076,1909f56bfc062723c751e8b465ee728b)  -> (artifact id: '4083a0d7d8fb6394a4094e0690ca70b0') in 0.001434 seconds 
========================================================================
Received Import Request.
  Time since last request: 17.002335 seconds.
  path: Assets/Scenes/Police Sound F.unity
  artifactKey: Guid(0056a2857a28240b592495fffb177862) Importer(815301076,1909f56bfc062723c751e8b465ee728b)
Start importing Assets/Scenes/Police Sound F.unity using Guid(0056a2857a28240b592495fffb177862) Importer(815301076,1909f56bfc062723c751e8b465ee728b)  -> (artifact id: '301c97be7d1b824e7ff7911af4809b50') in 0.001902 seconds 
========================================================================
Received Import Request.
  Time since last request: 12.385580 seconds.
  path: Assets/Scenes/Police Sound T.unity
  artifactKey: Guid(23deb1a751298401a8f36dd3edc9f808) Importer(815301076,1909f56bfc062723c751e8b465ee728b)
Start importing Assets/Scenes/Police Sound T.unity using Guid(23deb1a751298401a8f36dd3edc9f808) Importer(815301076,1909f56bfc062723c751e8b465ee728b)  -> (artifact id: '4016c3e43d4c00b33cb8d4d69fbad5da') in 0.001375 seconds 
========================================================================
Received Import Request.
  Time since last request: 32.274798 seconds.
  path: Assets/Scenes/Cow Sound F.unity
  artifactKey: Guid(4598cb29b8213448f89b18b9ad5c0395) Importer(815301076,1909f56bfc062723c751e8b465ee728b)
Start importing Assets/Scenes/Cow Sound F.unity using Guid(4598cb29b8213448f89b18b9ad5c0395) Importer(815301076,1909f56bfc062723c751e8b465ee728b)  -> (artifact id: '4040ca046824f54c8bbb6efae6160863') in 0.002524 seconds 
