Unity Editor version:    2021.3.16f1 (4016570cf34f)
Branch:                  2021.3/staging
Build type:              Release
Batch mode:              YES
macOS version:           Version 13.0 (Build 22A380)
Darwin version:          22.1.0
Architecture:            arm64
Running under Rosetta:   NO
Available memory:        16384 MB
Using pre-set license
Pro License: YES

COMMAND LINE ARGUMENTS:
/Applications/Unity/Hub/Editor/2021.3.16f1/Unity.app/Contents/MacOS/Unity
-adb2
-batchMode
-noUpm
-name
AssetImportWorker0
-projectPath
/Users/radz/Desktop/LabSave/Temp
-logFile
Logs/AssetImportWorker0.log
-srvPort
50905
Successfully changed project path to: /Users/radz/Desktop/LabSave/Temp
/Users/radz/Desktop/LabSave/Temp
[UnityMemory] Configuration Parameters - Can be set up in boot.config
    "memorysetup-bucket-allocator-granularity=16"
    "memorysetup-bucket-allocator-bucket-count=8"
    "memorysetup-bucket-allocator-block-size=33554432"
    "memorysetup-bucket-allocator-block-count=8"
    "memorysetup-main-allocator-block-size=16777216"
    "memorysetup-thread-allocator-block-size=16777216"
    "memorysetup-gfx-main-allocator-block-size=16777216"
    "memorysetup-gfx-thread-allocator-block-size=16777216"
    "memorysetup-cache-allocator-block-size=4194304"
    "memorysetup-typetree-allocator-block-size=2097152"
    "memorysetup-profiler-bucket-allocator-granularity=16"
    "memorysetup-profiler-bucket-allocator-bucket-count=8"
    "memorysetup-profiler-bucket-allocator-block-size=33554432"
    "memorysetup-profiler-bucket-allocator-block-count=8"
    "memorysetup-profiler-allocator-block-size=16777216"
    "memorysetup-profiler-editor-allocator-block-size=1048576"
    "memorysetup-temp-allocator-size-main=16777216"
    "memorysetup-job-temp-allocator-block-size=2097152"
    "memorysetup-job-temp-allocator-block-size-background=1048576"
    "memorysetup-job-temp-allocator-reduction-small-platforms=262144"
    "memorysetup-temp-allocator-size-background-worker=32768"
    "memorysetup-temp-allocator-size-job-worker=262144"
    "memorysetup-temp-allocator-size-preload-manager=33554432"
    "memorysetup-temp-allocator-size-nav-mesh-worker=65536"
    "memorysetup-temp-allocator-size-audio-worker=65536"
    "memorysetup-temp-allocator-size-cloud-worker=32768"
    "memorysetup-temp-allocator-size-gi-baking-worker=262144"
    "memorysetup-temp-allocator-size-gfx=262144"
Player connection [8330175744] Host "[IP] 138.38.150.44 [Port] 0 [Flags] 2 [Guid] 691865817 [EditorId] 691865817 [Version] 1048832 [Id] OSXEditor(0,138-38-150-44.eduroam.bath.ac.uk) [Debug] 1 [PackageName] OSXEditor [ProjectName] Editor" joined multi-casting on [225.0.0.222:54997]...

Player connection [8330175744] Host "[IP] 138.38.150.44 [Port] 0 [Flags] 2 [Guid] 691865817 [EditorId] 691865817 [Version] 1048832 [Id] OSXEditor(0,138-38-150-44.eduroam.bath.ac.uk) [Debug] 1 [PackageName] OSXEditor [ProjectName] Editor" joined alternative multi-casting on [225.0.0.222:34997]...

Refreshing native plugins compatible for Editor in 100.58 ms, found 3 plugins.
Preloading 1 native plugins for Editor in 4.02 ms.
Initialize engine version: 2021.3.16f1 (4016570cf34f)
[Subsystems] Discovering subsystems at path /Applications/Unity/Hub/Editor/2021.3.16f1/Unity.app/Contents/Resources/UnitySubsystems
[Subsystems] Discovering subsystems at path /Users/radz/Desktop/LabSave/Temp/Assets
GfxDevice: creating device client; threaded=0; jobified=0
 preferred device: Apple M1 Pro (high power)
Metal devices available: 1
0: Apple M1 Pro (high power)
Using device Apple M1 Pro (high power)
Initializing Metal device caps: Apple M1 Pro
Initialize mono
Mono path[0] = '/Applications/Unity/Hub/Editor/2021.3.16f1/Unity.app/Contents/Managed'
Mono path[1] = '/Applications/Unity/Hub/Editor/2021.3.16f1/Unity.app/Contents/MonoBleedingEdge/lib/mono/unityjit-macos'
Mono config path = '/Applications/Unity/Hub/Editor/2021.3.16f1/Unity.app/Contents/MonoBleedingEdge/etc'
Using monoOptions --debugger-agent=transport=dt_socket,embedding=1,server=y,suspend=n,address=127.0.0.1:56252
Begin MonoManager ReloadAssembly
Registering precompiled unity dll's ...
Register platform support module: /Applications/Unity/Hub/Editor/2021.3.16f1/PlaybackEngines/WebGLSupport/UnityEditor.WebGL.Extensions.dll
Register platform support module: /Applications/Unity/Hub/Editor/2021.3.16f1/Unity.app/Contents/PlaybackEngines/MacStandaloneSupport/UnityEditor.OSXStandalone.Extensions.dll
Registered in 0.001242 seconds.
Native extension for OSXStandalone target not found
Native extension for WebGL target not found
Refreshing native plugins compatible for Editor in 85.07 ms, found 3 plugins.
Preloading 1 native plugins for Editor in 0.25 ms.
Mono: successfully reloaded assembly
- Completed reload, in  0.385 seconds
Domain Reload Profiling:
	ReloadAssembly (385ms)
		BeginReloadAssembly (27ms)
			ExecutionOrderSort (0ms)
			DisableScriptedObjects (0ms)
			BackupInstance (0ms)
			ReleaseScriptingObjects (0ms)
			CreateAndSetChildDomain (0ms)
		EndReloadAssembly (293ms)
			LoadAssemblies (26ms)
			RebuildTransferFunctionScriptingTraits (0ms)
			SetupTypeCache (68ms)
			ReleaseScriptCaches (0ms)
			RebuildScriptCaches (18ms)
			SetupLoadedEditorAssemblies (181ms)
				LogAssemblyErrors (0ms)
				InitializePlatformSupportModulesInManaged (4ms)
				SetLoadedEditorAssemblies (0ms)
				RefreshPlugins (85ms)
				BeforeProcessingInitializeOnLoad (1ms)
				ProcessInitializeOnLoadAttributes (69ms)
				ProcessInitializeOnLoadMethodAttributes (22ms)
				AfterProcessingInitializeOnLoad (0ms)
				EditorAssembliesLoaded (0ms)
			ExecutionOrderSort2 (0ms)
			AwakeInstancesAfterBackupRestoration (0ms)
Platform modules already initialized, skipping
Registering precompiled user dll's ...
Registered in 0.008519 seconds.
Begin MonoManager ReloadAssembly
Symbol file LoadedFromMemory doesn't match image /Users/radz/Desktop/LabSave/Temp/Library/PackageCache/com.unity.visualscripting@1.7.8/Editor/VisualScripting.Core/Dependencies/DotNetZip/Unity.VisualScripting.IonicZip.dll
Symbol file LoadedFromMemory doesn't match image /Users/radz/Desktop/LabSave/Temp/Library/PackageCache/com.unity.visualscripting@1.7.8/Editor/VisualScripting.Core/Dependencies/YamlDotNet/Unity.VisualScripting.YamlDotNet.dll
Native extension for OSXStandalone target not found
Native extension for WebGL target not found
Refreshing native plugins compatible for Editor in 84.96 ms, found 3 plugins.
Preloading 1 native plugins for Editor in 0.24 ms.
Package Manager log level set to [2]
Mono: successfully reloaded assembly
- Completed reload, in  0.790 seconds
Domain Reload Profiling:
	ReloadAssembly (791ms)
		BeginReloadAssembly (52ms)
			ExecutionOrderSort (0ms)
			DisableScriptedObjects (3ms)
			BackupInstance (0ms)
			ReleaseScriptingObjects (0ms)
			CreateAndSetChildDomain (14ms)
		EndReloadAssembly (667ms)
			LoadAssemblies (59ms)
			RebuildTransferFunctionScriptingTraits (0ms)
			SetupTypeCache (194ms)
			ReleaseScriptCaches (1ms)
			RebuildScriptCaches (43ms)
			SetupLoadedEditorAssemblies (339ms)
				LogAssemblyErrors (0ms)
				InitializePlatformSupportModulesInManaged (2ms)
				SetLoadedEditorAssemblies (0ms)
				RefreshPlugins (85ms)
				BeforeProcessingInitializeOnLoad (67ms)
				ProcessInitializeOnLoadAttributes (169ms)
				ProcessInitializeOnLoadMethodAttributes (14ms)
				AfterProcessingInitializeOnLoad (1ms)
				EditorAssembliesLoaded (0ms)
			ExecutionOrderSort2 (0ms)
			AwakeInstancesAfterBackupRestoration (2ms)
Platform modules already initialized, skipping
========================================================================
Worker process is ready to serve import requests
Launching external process: /Applications/Unity/Hub/Editor/2021.3.16f1/Unity.app/Contents/Tools/UnityShaderCompiler
Launched and connected shader compiler UnityShaderCompiler after 0.05 seconds
Refreshing native plugins compatible for Editor in 0.75 ms, found 3 plugins.
Preloading 1 native plugins for Editor in 0.22 ms.
Unloading 4675 Unused Serialized files (Serialized files now loaded: 0)
Unloading 61 unused Assets / (80.8 KB). Loaded Objects now: 5115.
Memory consumption went from 160.7 MB to 160.6 MB.
Total: 2.670083 ms (FindLiveObjects: 0.146167 ms CreateObjectMapping: 0.056541 ms MarkObjects: 2.334208 ms  DeleteObjects: 0.132375 ms)

AssetImportParameters requested are different than current active one (requested -> active):
  custom:video-decoder-ogg-theora: a1e56fd34408186e4bbccfd4996cb3dc -> 
  custom:container-muxer-webm: aa71ff27fc2769a1b78a27578f13a17b -> 
  custom:container-demuxer-webm: 4f35f7cbe854078d1ac9338744f61a02 -> 
  custom:video-encoder-webm-vp8: eb34c28f22e8b96e1ab97ce403110664 -> 
  custom:framework-osx-AVFoundation: e770b220cccbd017edd2c1fefb359320 -> 
  custom:audio-encoder-webm-vorbis: bf7c407c2cedff20999df2af8eb42d56 -> 
  custom:container-demuxer-ogg: 62fdf1f143b41e24485cea50d1cbac27 -> 
  custom:video-decoder-webm-vp8: 9c59270c3fd7afecdb556c50c9e8de78 -> 
  custom:audio-decoder-ogg-vorbis: bf7c407c2cedff20999df2af8eb42d56 -> 
========================================================================
Received Import Request.
  Time since last request: 388971.627098 seconds.
  path: Assets/Scenes/Cube True.unity
  artifactKey: Guid(fd703a56e879d4decad6e4f05d2dd7da) Importer(815301076,1909f56bfc062723c751e8b465ee728b)
Start importing Assets/Scenes/Cube True.unity using Guid(fd703a56e879d4decad6e4f05d2dd7da) Importer(815301076,1909f56bfc062723c751e8b465ee728b)  -> (artifact id: 'cc81971e2a7652f68b5e554480a6d15d') in 0.006763 seconds 
========================================================================
Received Import Request.
  Time since last request: 34.471094 seconds.
  path: Assets/Scenes/Cube Morph False.unity
  artifactKey: Guid(bd1d8870fc3f0104c84689d32bfcc32a) Importer(815301076,1909f56bfc062723c751e8b465ee728b)
Start importing Assets/Scenes/Cube Morph False.unity using Guid(bd1d8870fc3f0104c84689d32bfcc32a) Importer(815301076,1909f56bfc062723c751e8b465ee728b)  -> (artifact id: '12c174ac94295b7c1911dd45a4dffd1b') in 0.002663 seconds 
========================================================================
Received Import Request.
  Time since last request: 14.211750 seconds.
  path: Assets/Scenes/Cube Morph True.unity
  artifactKey: Guid(56c75028735970446bac3045ebb64570) Importer(815301076,1909f56bfc062723c751e8b465ee728b)
Start importing Assets/Scenes/Cube Morph True.unity using Guid(56c75028735970446bac3045ebb64570) Importer(815301076,1909f56bfc062723c751e8b465ee728b)  -> (artifact id: '8a56a1489eca5e23254995c9b9f8d059') in 0.002041 seconds 
========================================================================
Received Import Request.
  Time since last request: 14.385517 seconds.
  path: Assets/Scenes/Helicopter Fade False.unity
  artifactKey: Guid(a9fe2152074da3b428085c3e4b93be27) Importer(815301076,1909f56bfc062723c751e8b465ee728b)
Start importing Assets/Scenes/Helicopter Fade False.unity using Guid(a9fe2152074da3b428085c3e4b93be27) Importer(815301076,1909f56bfc062723c751e8b465ee728b)  -> (artifact id: 'b51bef7d81f0785a2297a7cead8d0897') in 0.000846 seconds 
========================================================================
Received Import Request.
  Time since last request: 14.076907 seconds.
  path: Assets/Scenes/Helicopter Fade True.unity
  artifactKey: Guid(c0ed184cc03f9410fb7798e4854f5219) Importer(815301076,1909f56bfc062723c751e8b465ee728b)
Start importing Assets/Scenes/Helicopter Fade True.unity using Guid(c0ed184cc03f9410fb7798e4854f5219) Importer(815301076,1909f56bfc062723c751e8b465ee728b)  -> (artifact id: 'c507696d64b149c8c3f8f2041f538ed6') in 0.001124 seconds 
========================================================================
Received Import Request.
  Time since last request: 72.635670 seconds.
  path: Assets/Scenes/Helicopter Morph False.unity
  artifactKey: Guid(b756e6c17ab702d43b3a5a46c9c359a2) Importer(815301076,1909f56bfc062723c751e8b465ee728b)
Start importing Assets/Scenes/Helicopter Morph False.unity using Guid(b756e6c17ab702d43b3a5a46c9c359a2) Importer(815301076,1909f56bfc062723c751e8b465ee728b)  -> (artifact id: 'd46fa3873d025812eaf2986b7807a14b') in 0.001148 seconds 
========================================================================
Received Import Request.
  Time since last request: 30.769028 seconds.
  path: Assets/Scenes/Helicopter Morph True.unity
  artifactKey: Guid(8c41d8f0a3bb19d4b8fc5a6df74324f9) Importer(815301076,1909f56bfc062723c751e8b465ee728b)
Start importing Assets/Scenes/Helicopter Morph True.unity using Guid(8c41d8f0a3bb19d4b8fc5a6df74324f9) Importer(815301076,1909f56bfc062723c751e8b465ee728b)  -> (artifact id: '30fc7ab2f0211401f4bdd17a9c4f8575') in 0.000773 seconds 
========================================================================
Received Import Request.
  Time since last request: 4.082000 seconds.
  path: Assets/Scenes/Pyramid False.unity
  artifactKey: Guid(81ad47ada7d0d453793e7785a4f6be07) Importer(815301076,1909f56bfc062723c751e8b465ee728b)
Start importing Assets/Scenes/Pyramid False.unity using Guid(81ad47ada7d0d453793e7785a4f6be07) Importer(815301076,1909f56bfc062723c751e8b465ee728b)  -> (artifact id: 'a0ad3c51007b23fa82dbdcb7d2d5a742') in 0.001235 seconds 
========================================================================
Received Import Request.
  Time since last request: 17.461811 seconds.
  path: Assets/Scenes/Pyramid Morph False.unity
  artifactKey: Guid(00283c23cb043654ea9665a35977bb4a) Importer(815301076,1909f56bfc062723c751e8b465ee728b)
Start importing Assets/Scenes/Pyramid Morph False.unity using Guid(00283c23cb043654ea9665a35977bb4a) Importer(815301076,1909f56bfc062723c751e8b465ee728b)  -> (artifact id: '38e0e2f9f9b64d219670ebe120e56d36') in 0.000722 seconds 
========================================================================
Received Import Request.
  Time since last request: 26.469914 seconds.
  path: Assets/Scenes/Pyramid Morph True.unity
  artifactKey: Guid(bc8e1532af367af4799d0f9be5543123) Importer(815301076,1909f56bfc062723c751e8b465ee728b)
Start importing Assets/Scenes/Pyramid Morph True.unity using Guid(bc8e1532af367af4799d0f9be5543123) Importer(815301076,1909f56bfc062723c751e8b465ee728b)  -> (artifact id: '3c1d9e3eba82f576aa89b58cfd461822') in 0.000809 seconds 
========================================================================
Received Import Request.
  Time since last request: 14.532792 seconds.
  path: Assets/Scenes/Pyramid True.unity
  artifactKey: Guid(8b0048f78ea0940e097fc84c9a0c8f41) Importer(815301076,1909f56bfc062723c751e8b465ee728b)
Start importing Assets/Scenes/Pyramid True.unity using Guid(8b0048f78ea0940e097fc84c9a0c8f41) Importer(815301076,1909f56bfc062723c751e8b465ee728b)  -> (artifact id: '75ca60d1584d9efceef64b0bd7d5efa7') in 0.001302 seconds 
========================================================================
Received Import Request.
  Time since last request: 36.482515 seconds.
  path: Assets/Scenes/Sphere False.unity
  artifactKey: Guid(eb4cc762f66f445bdb51da392f1b82b1) Importer(815301076,1909f56bfc062723c751e8b465ee728b)
Start importing Assets/Scenes/Sphere False.unity using Guid(eb4cc762f66f445bdb51da392f1b82b1) Importer(815301076,1909f56bfc062723c751e8b465ee728b)  -> (artifact id: '4efe186e6e80dc871920c5187bcc43a7') in 0.001296 seconds 
========================================================================
Received Import Request.
  Time since last request: 290.308739 seconds.
  path: Assets/Scenes/Sphere Morph False.unity
  artifactKey: Guid(467e02f148d59e249a51b086f697d56e) Importer(815301076,1909f56bfc062723c751e8b465ee728b)
Start importing Assets/Scenes/Sphere Morph False.unity using Guid(467e02f148d59e249a51b086f697d56e) Importer(815301076,1909f56bfc062723c751e8b465ee728b)  -> (artifact id: '58bc4d129bf6891636769792845965f3') in 0.001144 seconds 
========================================================================
Received Import Request.
  Time since last request: 19.699730 seconds.
  path: Assets/Scenes/Sphere Morph True.unity
  artifactKey: Guid(9ec3670af32add543b1b0104c1f8a0a9) Importer(815301076,1909f56bfc062723c751e8b465ee728b)
Start importing Assets/Scenes/Sphere Morph True.unity using Guid(9ec3670af32add543b1b0104c1f8a0a9) Importer(815301076,1909f56bfc062723c751e8b465ee728b)  -> (artifact id: 'e2e9fde66ffd2135195d44f36954714e') in 0.001436 seconds 
========================================================================
Received Import Request.
  Time since last request: 14.812395 seconds.
  path: Assets/Scenes/Sphere True.unity
  artifactKey: Guid(a38cdbac005954c948f86d9c4d9199a1) Importer(815301076,1909f56bfc062723c751e8b465ee728b)
Start importing Assets/Scenes/Sphere True.unity using Guid(a38cdbac005954c948f86d9c4d9199a1) Importer(815301076,1909f56bfc062723c751e8b465ee728b)  -> (artifact id: '5beb81d271c4e6ca8cd3486fb148c5a6') in 0.001922 seconds 
========================================================================
Received Import Request.
  Time since last request: 50.657670 seconds.
  path: Assets/Scenes/Cube False.unity
  artifactKey: Guid(a37524911660740ea8902ee5694be33b) Importer(815301076,1909f56bfc062723c751e8b465ee728b)
Start importing Assets/Scenes/Cube False.unity using Guid(a37524911660740ea8902ee5694be33b) Importer(815301076,1909f56bfc062723c751e8b465ee728b)  -> (artifact id: '8892325172f952e75d74d1b2941bbd83') in 0.001147 seconds 
========================================================================
Received Import Request.
  Time since last request: 47.716783 seconds.
  path: Assets/Scenes/Cube False.unity
  artifactKey: Guid(a37524911660740ea8902ee5694be33b) Importer(815301076,1909f56bfc062723c751e8b465ee728b)
Start importing Assets/Scenes/Cube False.unity using Guid(a37524911660740ea8902ee5694be33b) Importer(815301076,1909f56bfc062723c751e8b465ee728b)  -> (artifact id: '2edd27686a3d69e0b43838a0324e986a') in 0.001073 seconds 
========================================================================
Received Import Request.
  Time since last request: 26.161213 seconds.
  path: Assets/Scenes/Cube Morph False.unity
  artifactKey: Guid(bd1d8870fc3f0104c84689d32bfcc32a) Importer(815301076,1909f56bfc062723c751e8b465ee728b)
Start importing Assets/Scenes/Cube Morph False.unity using Guid(bd1d8870fc3f0104c84689d32bfcc32a) Importer(815301076,1909f56bfc062723c751e8b465ee728b)  -> (artifact id: '30f802005cd25cbae640931b2f61664f') in 0.002134 seconds 
========================================================================
Received Import Request.
  Time since last request: 12.814135 seconds.
  path: Assets/Scenes/Cube Morph True.unity
  artifactKey: Guid(56c75028735970446bac3045ebb64570) Importer(815301076,1909f56bfc062723c751e8b465ee728b)
Start importing Assets/Scenes/Cube Morph True.unity using Guid(56c75028735970446bac3045ebb64570) Importer(815301076,1909f56bfc062723c751e8b465ee728b)  -> (artifact id: '2a277018e5a00cc1e8e74c56f14317ce') in 0.001193 seconds 
========================================================================
Received Import Request.
  Time since last request: 19.936897 seconds.
  path: Assets/Scenes/Helicopter Fade False.unity
  artifactKey: Guid(a9fe2152074da3b428085c3e4b93be27) Importer(815301076,1909f56bfc062723c751e8b465ee728b)
Start importing Assets/Scenes/Helicopter Fade False.unity using Guid(a9fe2152074da3b428085c3e4b93be27) Importer(815301076,1909f56bfc062723c751e8b465ee728b)  -> (artifact id: '97f498312a5dfb6c9891bdcfa9c29d78') in 0.002219 seconds 
========================================================================
Received Import Request.
  Time since last request: 23.402840 seconds.
  path: Assets/Scenes/Helicopter Fade True.unity
  artifactKey: Guid(c0ed184cc03f9410fb7798e4854f5219) Importer(815301076,1909f56bfc062723c751e8b465ee728b)
Start importing Assets/Scenes/Helicopter Fade True.unity using Guid(c0ed184cc03f9410fb7798e4854f5219) Importer(815301076,1909f56bfc062723c751e8b465ee728b)  -> (artifact id: '31ec7f179cf5475f578993fcaee36339') in 0.002026 seconds 
========================================================================
Received Import Request.
  Time since last request: 18.973813 seconds.
  path: Assets/Scenes/Pyramid False.unity
  artifactKey: Guid(81ad47ada7d0d453793e7785a4f6be07) Importer(815301076,1909f56bfc062723c751e8b465ee728b)
Start importing Assets/Scenes/Pyramid False.unity using Guid(81ad47ada7d0d453793e7785a4f6be07) Importer(815301076,1909f56bfc062723c751e8b465ee728b)  -> (artifact id: '88fd6fd914c7b005040af71a98808538') in 0.002611 seconds 
========================================================================
Received Import Request.
  Time since last request: 32.031377 seconds.
  path: Assets/Scenes/Pyramid Morph False.unity
  artifactKey: Guid(00283c23cb043654ea9665a35977bb4a) Importer(815301076,1909f56bfc062723c751e8b465ee728b)
Start importing Assets/Scenes/Pyramid Morph False.unity using Guid(00283c23cb043654ea9665a35977bb4a) Importer(815301076,1909f56bfc062723c751e8b465ee728b)  -> (artifact id: '58e00c897896b9e687d7adddc58e2298') in 0.001228 seconds 
========================================================================
Received Import Request.
  Time since last request: 16.519373 seconds.
  path: Assets/Scenes/Pyramid Morph True.unity
  artifactKey: Guid(bc8e1532af367af4799d0f9be5543123) Importer(815301076,1909f56bfc062723c751e8b465ee728b)
Start importing Assets/Scenes/Pyramid Morph True.unity using Guid(bc8e1532af367af4799d0f9be5543123) Importer(815301076,1909f56bfc062723c751e8b465ee728b)  -> (artifact id: 'c3158493c43b7ff4c1a4be851e8811c6') in 0.002325 seconds 
========================================================================
Received Import Request.
  Time since last request: 31.654164 seconds.
  path: Assets/Scenes/Pyramid True.unity
  artifactKey: Guid(8b0048f78ea0940e097fc84c9a0c8f41) Importer(815301076,1909f56bfc062723c751e8b465ee728b)
Start importing Assets/Scenes/Pyramid True.unity using Guid(8b0048f78ea0940e097fc84c9a0c8f41) Importer(815301076,1909f56bfc062723c751e8b465ee728b)  -> (artifact id: '531d70ebd6c3fb4491092785707b2f30') in 0.001232 seconds 
========================================================================
Received Import Request.
  Time since last request: 25.637455 seconds.
  path: Assets/Scenes/Sphere False.unity
  artifactKey: Guid(eb4cc762f66f445bdb51da392f1b82b1) Importer(815301076,1909f56bfc062723c751e8b465ee728b)
Start importing Assets/Scenes/Sphere False.unity using Guid(eb4cc762f66f445bdb51da392f1b82b1) Importer(815301076,1909f56bfc062723c751e8b465ee728b)  -> (artifact id: '6e635334eaa17d038f33f8571e02966f') in 0.001321 seconds 
========================================================================
Received Import Request.
  Time since last request: 12.201762 seconds.
  path: Assets/Scenes/Sphere Morph False.unity
  artifactKey: Guid(467e02f148d59e249a51b086f697d56e) Importer(815301076,1909f56bfc062723c751e8b465ee728b)
Start importing Assets/Scenes/Sphere Morph False.unity using Guid(467e02f148d59e249a51b086f697d56e) Importer(815301076,1909f56bfc062723c751e8b465ee728b)  -> (artifact id: '6aea0cd0f569278d58bc822b938f0bd7') in 0.001648 seconds 
========================================================================
Received Import Request.
  Time since last request: 19.948948 seconds.
  path: Assets/Scenes/Sphere Morph True.unity
  artifactKey: Guid(9ec3670af32add543b1b0104c1f8a0a9) Importer(815301076,1909f56bfc062723c751e8b465ee728b)
Start importing Assets/Scenes/Sphere Morph True.unity using Guid(9ec3670af32add543b1b0104c1f8a0a9) Importer(815301076,1909f56bfc062723c751e8b465ee728b)  -> (artifact id: '345e5bb84aae61cbb38d0a8fc0244ab8') in 0.002176 seconds 
========================================================================
Received Import Request.
  Time since last request: 8.158914 seconds.
  path: Assets/Scenes/Sphere True.unity
  artifactKey: Guid(a38cdbac005954c948f86d9c4d9199a1) Importer(815301076,1909f56bfc062723c751e8b465ee728b)
Start importing Assets/Scenes/Sphere True.unity using Guid(a38cdbac005954c948f86d9c4d9199a1) Importer(815301076,1909f56bfc062723c751e8b465ee728b)  -> (artifact id: '35e301d04cf3ed7dd28d1c2b58eb6a34') in 0.002426 seconds 
========================================================================
Received Import Request.
  Time since last request: 24.989701 seconds.
  path: Assets/Scenes/Convo Sound F.unity
  artifactKey: Guid(f1ac3c2f28fc04aa99ce081f3e33f86a) Importer(815301076,1909f56bfc062723c751e8b465ee728b)
Start importing Assets/Scenes/Convo Sound F.unity using Guid(f1ac3c2f28fc04aa99ce081f3e33f86a) Importer(815301076,1909f56bfc062723c751e8b465ee728b)  -> (artifact id: '7567a8a3693d271b72b87b99fc05ed22') in 0.001929 seconds 
========================================================================
Received Import Request.
  Time since last request: 13.268765 seconds.
  path: Assets/Scenes/Convo Sound T.unity
  artifactKey: Guid(a362592d858d24034aa4620960e14aab) Importer(815301076,1909f56bfc062723c751e8b465ee728b)
Start importing Assets/Scenes/Convo Sound T.unity using Guid(a362592d858d24034aa4620960e14aab) Importer(815301076,1909f56bfc062723c751e8b465ee728b)  -> (artifact id: '3d50175e2a3952166e72b135d509e8c5') in 0.001529 seconds 
========================================================================
Received Import Request.
  Time since last request: 49.615059 seconds.
  path: Assets/Scenes/Plane Sound F.unity
  artifactKey: Guid(4999b5407952a4af593f302d12610577) Importer(815301076,1909f56bfc062723c751e8b465ee728b)
Start importing Assets/Scenes/Plane Sound F.unity using Guid(4999b5407952a4af593f302d12610577) Importer(815301076,1909f56bfc062723c751e8b465ee728b)  -> (artifact id: '62e257e5f8889787e55f070641373742') in 0.001445 seconds 
========================================================================
Received Import Request.
  Time since last request: 12.738428 seconds.
  path: Assets/Scenes/Plane Sound T.unity
  artifactKey: Guid(77b66ccfd41c44d7c828636df04fea98) Importer(815301076,1909f56bfc062723c751e8b465ee728b)
Start importing Assets/Scenes/Plane Sound T.unity using Guid(77b66ccfd41c44d7c828636df04fea98) Importer(815301076,1909f56bfc062723c751e8b465ee728b)  -> (artifact id: '5233eed8f60db043aa246371f49c081c') in 0.001345 seconds 
========================================================================
Received Import Request.
  Time since last request: 46.278571 seconds.
  path: Assets/Scenes/Plane Sound F.unity
  artifactKey: Guid(4999b5407952a4af593f302d12610577) Importer(815301076,1909f56bfc062723c751e8b465ee728b)
Start importing Assets/Scenes/Plane Sound F.unity using Guid(4999b5407952a4af593f302d12610577) Importer(815301076,1909f56bfc062723c751e8b465ee728b)  -> (artifact id: '6f5ce0120a5d45050d100aad59514da0') in 0.001135 seconds 
========================================================================
Received Import Request.
  Time since last request: 5.182060 seconds.
  path: Assets/Scenes/Police Sound F.unity
  artifactKey: Guid(0056a2857a28240b592495fffb177862) Importer(815301076,1909f56bfc062723c751e8b465ee728b)
Start importing Assets/Scenes/Police Sound F.unity using Guid(0056a2857a28240b592495fffb177862) Importer(815301076,1909f56bfc062723c751e8b465ee728b)  -> (artifact id: 'ad3d11ef6d28bf9886d0e2a43fe89f1e') in 0.001584 seconds 
========================================================================
Received Import Request.
  Time since last request: 9.836671 seconds.
  path: Assets/Scenes/Police Sound T.unity
  artifactKey: Guid(23deb1a751298401a8f36dd3edc9f808) Importer(815301076,1909f56bfc062723c751e8b465ee728b)
Start importing Assets/Scenes/Police Sound T.unity using Guid(23deb1a751298401a8f36dd3edc9f808) Importer(815301076,1909f56bfc062723c751e8b465ee728b)  -> (artifact id: '3e934ac0b10d1fcd28e153eddc264506') in 0.001017 seconds 
